<?xml version="1.0" encoding="UTF-8"?>
<!-- Generated by org.testng.reporters.JUnitReportReporter -->
<testsuite hostname="PRab" failures="0" tests="1" name="testCases.TC_010_ShoppingCart" time="36.692" errors="0" timestamp="2021-11-04T15:51:10 EDT" skipped="0">
  <testcase classname="testCases.TC_010_ShoppingCart" name="test_ShoppingCart" time="36.692"/>
  <system-out/>
</testsuite> <!-- testCases.TC_010_ShoppingCart -->
