<?xml version="1.0" encoding="UTF-8"?>
<!-- Generated by org.testng.reporters.JUnitReportReporter -->
<testsuite hostname="PRab" failures="0" tests="1" name="testCases.TC_007_Wishlist" time="15.461" errors="0" timestamp="2021-11-03T22:33:49 EDT" skipped="0">
  <testcase classname="testCases.TC_007_Wishlist" name="productcomparison" time="15.461"/>
  <system-out/>
</testsuite> <!-- testCases.TC_007_Wishlist -->
