<?xml version="1.0" encoding="UTF-8"?>
<!-- Generated by org.testng.reporters.JUnitReportReporter -->
<testsuite hostname="PRab" failures="0" tests="1" name="testCases.TC_004Search" time="15.598" errors="0" timestamp="2021-11-03T10:31:46 EDT" skipped="0">
  <testcase classname="testCases.TC_004Search" name="test_search" time="15.598"/>
  <system-out/>
</testsuite> <!-- testCases.TC_004Search -->
