<?xml version="1.0" encoding="UTF-8"?>
<!-- Generated by org.testng.reporters.JUnitReportReporter -->
<testsuite hostname="PRab" failures="0" tests="1" name="testCases.TC_005_Addtocart" time="12.623" errors="0" timestamp="2021-11-03T14:08:16 EDT" skipped="0">
  <testcase classname="testCases.TC_005_Addtocart" name="Add_to_cart" time="12.623"/>
  <system-out/>
</testsuite> <!-- testCases.TC_005_Addtocart -->
