<?xml version="1.0" encoding="UTF-8"?>
<!-- Generated by org.testng.reporters.JUnitReportReporter -->
<testsuite hostname="PRab" failures="0" tests="1" name="testCases.TC_004_SearchTest" time="8.283" errors="0" timestamp="2021-11-03T10:26:22 EDT" skipped="0">
  <testcase classname="testCases.TC_004_SearchTest" name="searchitem" time="8.283"/>
  <system-out/>
</testsuite> <!-- testCases.TC_004_SearchTest -->
