<?xml version="1.0" encoding="UTF-8"?>
<!-- Generated by org.testng.reporters.JUnitReportReporter -->
<testsuite hostname="PRab" failures="0" tests="1" name="testCases.TC_001_AccountRegistration" time="4.884" errors="0" timestamp="2021-11-03T00:26:09 EDT" skipped="0">
  <testcase classname="testCases.TC_001_AccountRegistration" name="test_accout_Registration" time="4.884"/>
  <system-out/>
</testsuite> <!-- testCases.TC_001_AccountRegistration -->
