<?xml version="1.0" encoding="UTF-8"?>
<!-- Generated by org.testng.reporters.JUnitReportReporter -->
<testsuite hostname="PRab" failures="0" tests="1" name="testCases.TC_009_Shoppingcart" time="19.729" errors="0" timestamp="2021-11-04T16:58:42 EDT" skipped="0">
  <testcase classname="testCases.TC_009_Shoppingcart" name="searchitem" time="19.729"/>
  <system-out/>
</testsuite> <!-- testCases.TC_009_Shoppingcart -->
