<?xml version="1.0" encoding="UTF-8"?>
<!-- Generated by org.testng.reporters.JUnitReportReporter -->
<testsuite hostname="PRab" failures="0" tests="1" name="testCases.TC_010_HeadernFooter" time="5.610" errors="0" timestamp="2021-11-05T12:54:27 EDT" skipped="0">
  <testcase classname="testCases.TC_010_HeadernFooter" name="test_Login" time="5.610"/>
  <system-out/>
</testsuite> <!-- testCases.TC_010_HeadernFooter -->
