<?xml version="1.0" encoding="UTF-8"?>
<!-- Generated by org.testng.reporters.JUnitReportReporter -->
<testsuite hostname="PRab" failures="0" tests="1" name="testCases.TC_001_AccountRegistration" time="5.579" errors="0" timestamp="2021-09-17T02:31:39 EDT" skipped="0">
  <testcase classname="testCases.TC_001_AccountRegistration" name="test_accout_Registration" time="5.579"/>
  <system-out/>
</testsuite> <!-- testCases.TC_001_AccountRegistration -->
