<?xml version="1.0" encoding="UTF-8"?>
<!-- Generated by org.testng.reporters.JUnitReportReporter -->
<testsuite hostname="PRab" failures="0" tests="1" name="testCases.TC_006_ProductCompare" time="13.659" errors="0" timestamp="2021-11-03T15:41:42 EDT" skipped="0">
  <testcase classname="testCases.TC_006_ProductCompare" name="productcomparison" time="13.659"/>
  <system-out/>
</testsuite> <!-- testCases.TC_006_ProductCompare -->
