<?xml version="1.0" encoding="UTF-8"?>
<!-- Generated by org.testng.reporters.JUnitReportReporter -->
<testsuite hostname="PRab" failures="0" tests="1" name="testCases.TC_008_ProductDisplay" time="16.347" errors="0" timestamp="2021-11-04T10:34:30 EDT" skipped="0">
  <testcase classname="testCases.TC_008_ProductDisplay" name="productcomparison" time="16.347"/>
  <system-out/>
</testsuite> <!-- testCases.TC_008_ProductDisplay -->
